<?xml version="1.0" encoding="UTF-8"?>
<testng-results ignored="0" total="1" passed="1" failed="0" skipped="0">
  <reporter-output>
  </reporter-output>
  <suite started-at="2022-01-17T09:15:55 IST" name="Default suite" finished-at="2022-01-17T09:16:00 IST" duration-ms="4589">
    <groups>
    </groups>
    <test started-at="2022-01-17T09:15:55 IST" name="Default test" finished-at="2022-01-17T09:16:00 IST" duration-ms="4589">
      <class name="restAssured.PostReq">
        <test-method signature="verifyStatusNContent()[pri:0, instance:restAssured.PostReq@16e7dcfd]" started-at="2022-01-17T09:15:55 IST" name="verifyStatusNContent" finished-at="2022-01-17T09:16:00 IST" duration-ms="4532" status="PASS">
          <reporter-output>
          </reporter-output>
        </test-method> <!-- verifyStatusNContent -->
      </class> <!-- restAssured.PostReq -->
    </test> <!-- Default test -->
  </suite> <!-- Default suite -->
</testng-results>
